-------------------------------------------------------------------------------
Test set: com.springjwt.SpringBootSecurityJwtApplicationTests
-------------------------------------------------------------------------------
Tests run: 1, Failures: 0, Errors: 1, Skipped: 0, Time elapsed: 0.395 s <<< FAILURE! - in com.springjwt.SpringBootSecurityJwtApplicationTests
initializationError(com.springjwt.SpringBootSecurityJwtApplicationTests)  Time elapsed: 0.006 s  <<< ERROR!
java.lang.IllegalStateException: Unable to find a @SpringBootConfiguration, you need to use @ContextConfiguration or @SpringBootTest(classes=...) with your test

